{"name": "test_create_booking_tc2", "status": "failed", "statusDetails": {"message": "AssertionError: assert True == False", "trace": "def test_create_booking_tc2():\n>       assert True== False\nE       assert True == False\n\ntest_create_booking.py:16: AssertionError"}, "start": 1753199152311, "stop": 1753199152311, "uuid": "b87578d4-66fb-426e-99e4-aa2d03061b61", "historyId": "1b4e4fcff597e987084eb0cfc990a7a0", "testCaseId": "1b4e4fcff597e987084eb0cfc990a7a0", "fullName": "test_create_booking#test_create_booking_tc2", "labels": [{"name": "suite", "value": "test_create_booking"}, {"name": "host", "value": "IN-5CD5127QRW"}, {"name": "thread", "value": "15148-MainThread"}, {"name": "framework", "value": "pytest"}, {"name": "language", "value": "cpython3"}, {"name": "package", "value": "test_create_booking"}], "titlePath": ["test_create_booking.py"]}